<?xml version="1.0" encoding="UTF-8" ?>
<testsuite errors="0" failures="0" hostname="CSL1WK32" name="com.comp3111.test.TestSuite" skipped="0" tests="21" time="0.082" timestamp="2014-04-29T03:40:56">
  <properties>
    <property name="java.vendor" value="Oracle Corporation" />
    <property name="ant.file.3111_classTest" value="C:\Users\hychauaa.CSD\Desktop\3111_classTest\build.xml" />
    <property name="sun.java.launcher" value="SUN_STANDARD" />
    <property name="sun.management.compiler" value="HotSpot 64-Bit Tiered Compilers" />
    <property name="lib" value="libs" />
    <property name="os.name" value="Windows 7" />
    <property name="sun.boot.class.path" value="C:\Program Files\Java\jdk1.7.0_25\jre\lib\resources.jar;C:\Program Files\Java\jdk1.7.0_25\jre\lib\rt.jar;C:\Program Files\Java\jdk1.7.0_25\jre\lib\sunrsasign.jar;C:\Program Files\Java\jdk1.7.0_25\jre\lib\jsse.jar;C:\Program Files\Java\jdk1.7.0_25\jre\lib\jce.jar;C:\Program Files\Java\jdk1.7.0_25\jre\lib\charsets.jar;C:\Program Files\Java\jdk1.7.0_25\jre\lib\jfr.jar;C:\Program Files\Java\jdk1.7.0_25\jre\classes" />
    <property name="sun.desktop" value="windows" />
    <property name="java.vm.specification.vendor" value="Oracle Corporation" />
    <property name="ant.home" value="C:\Users\hychauaa.CSD\Desktop\apache-ant-1.9.3" />
    <property name="java.runtime.version" value="1.7.0_25-b16" />
    <property name="user.name" value="hychauaa" />
    <property name="ant.file.type.3111_classTest" value="file" />
    <property name="emma.coverage.dir" value="coverage" />
    <property name="user.language" value="en" />
    <property name="sun.boot.library.path" value="C:\Program Files\Java\jdk1.7.0_25\jre\bin" />
    <property name="ant.project.default-target" value="all" />
    <property name="ant.project.name" value="3111_classTest" />
    <property name="java.version" value="1.7.0_25" />
    <property name="classes" value="bin" />
    <property name="user.timezone" value="" />
    <property name="sun.arch.data.model" value="64" />
    <property name="emma.coverage.out.file" value="coverage/coverage.emma" />
    <property name="java.endorsed.dirs" value="C:\Program Files\Java\jdk1.7.0_25\jre\lib\endorsed" />
    <property name="sun.cpu.isalist" value="amd64" />
    <property name="sun.jnu.encoding" value="Cp1252" />
    <property name="file.encoding.pkg" value="sun.io" />
    <property name="file.separator" value="\" />
    <property name="java.specification.name" value="Java Platform API Specification" />
    <property name="java.class.version" value="51.0" />
    <property name="src" value="src" />
    <property name="user.country" value="US" />
    <property name="java.home" value="C:\Program Files\Java\jdk1.7.0_25\jre" />
    <property name="java.vm.info" value="mixed mode" />
    <property name="ant.file" value="C:\Users\hychauaa.CSD\Desktop\3111_classTest\build.xml" />
    <property name="os.version" value="6.1" />
    <property name="path.separator" value=";" />
    <property name="java.vm.version" value="23.25-b01" />
    <property name="user.variant" value="" />
    <property name="ant.library.dir" value="C:\Users\hychauaa.CSD\Desktop\apache-ant-1.9.3\lib" />
    <property name="junit.output.dir" value="junit" />
    <property name="java.awt.printerjob" value="sun.awt.windows.WPrinterJob" />
    <property name="sun.io.unicode.encoding" value="UnicodeLittle" />
    <property name="awt.toolkit" value="sun.awt.windows.WToolkit" />
    <property name="user.script" value="" />
    <property name="user.home" value="C:\Users\hychauaa.CSD" />
    <property name="target" value="1.6" />
    <property name="java.specification.vendor" value="Oracle Corporation" />
    <property name="test" value="test" />
    <property name="java.library.path" value="C:\Program Files\Java\jdk1.7.0_25\jre\bin;C:\Windows\Sun\Java\bin;C:\Windows\system32;C:\Windows;C:\Program Files (x86)\NVIDIA Corporation\PhysX\Common;C:\Program Files\NVIDIA GPU Computing Toolkit\CUDA\v5.0\bin\;C:\Program Files\NVIDIA GPU Computing Toolkit\CUDA\v5.0\libnvvp\;C:\Program Files\Common Files\Microsoft Shared\Windows Live;C:\Program Files (x86)\Common Files\Microsoft Shared\Windows Live;C:\app\Administrator\product\11.2.0\client_1;C:\app\Administrator\product\11.2.0\client_1\bin;C:\Windows\system32;C:\Windows;C:\Windows\System32\Wbem;C:\Windows\System32\WindowsPowerShell\v1.0\;c:\Program Files (x86)\java\jre6\bin\;c:\Program Files (x86)\Microsoft SQL Server\90\Tools\binn\;C:\Program Files (x86)\QuickTime\QTSystem\;C:\Program Files\Microsoft\Web Platform Installer\;C:\Program Files (x86)\Microsoft ASP.NET\ASP.NET Web Pages\v1.0\;C:\Program Files (x86)\Windows Kits\8.0\Windows Performance Toolkit\;C:\Program Files\Microsoft SQL Server\110\Tools\Binn\;C:\Program Files (x86)\Windows Live\Shared;C:\Program Files\Java\jdk1.7.0_25\bin;C:\Users\hychauaa.CSD\Desktop\apache-ant-1.9.3\bin;;." />
    <property name="java.vendor.url" value="http://java.oracle.com/" />
    <property name="java.vm.vendor" value="Oracle Corporation" />
    <property name="java.runtime.name" value="Java(TM) SE Runtime Environment" />
    <property name="sun.java.command" value="org.apache.tools.ant.taskdefs.optional.junit.JUnitTestRunner com.comp3111.test.TestSuite skipNonTests=false filtertrace=true haltOnError=false haltOnFailure=false formatter=org.apache.tools.ant.taskdefs.optional.junit.SummaryJUnitResultFormatter showoutput=false outputtoformatters=true logfailedtests=true logtestlistenerevents=false formatter=org.apache.tools.ant.taskdefs.optional.junit.XMLJUnitResultFormatter,C:\Users\hychauaa.CSD\Desktop\3111_classTest\junit\TEST-com.comp3111.test.TestSuite.xml crashfile=C:\Users\hychauaa.CSD\Desktop\3111_classTest\junitvmwatcher995344534339532888.properties propsfile=C:\Users\hychauaa.CSD\Desktop\3111_classTest\junit3740601459033261489.properties" />
    <property name="java.class.path" value="C:\Users\hychauaa.CSD\Desktop\3111_classTest\coverage\instrumentation;C:\Users\hychauaa.CSD\Desktop\3111_classTest\bin;C:\Users\hychauaa.CSD\Desktop\3111_classTest\libs\emma.jar;C:\Users\hychauaa.CSD\Desktop\3111_classTest\libs\emma_ant.jar;C:\Users\hychauaa.CSD\Desktop\3111_classTest\libs\gson-2.2.4-javadoc.jar;C:\Users\hychauaa.CSD\Desktop\3111_classTest\libs\gson-2.2.4-sources.jar;C:\Users\hychauaa.CSD\Desktop\3111_classTest\libs\gson-2.2.4.jar;C:\Users\hychauaa.CSD\Desktop\3111_classTest\libs\junit.jar;C:\Users\hychauaa.CSD\Desktop\3111_classTest;C:\Program Files (x86)\QuickTime\QTSystem\QTJava.zip;C:\Users\hychauaa.CSD\Desktop\apache-ant-1.9.3\lib\ant-launcher.jar;C:\Users\hychauaa.CSD\Desktop\apache-ant-1.9.3\lib\ant.jar;C:\Users\hychauaa.CSD\Desktop\apache-ant-1.9.3\lib\ant-junit.jar;C:\Users\hychauaa.CSD\Desktop\apache-ant-1.9.3\lib\ant-junit4.jar" />
    <property name="ant.version" value="Apache Ant(TM) version 1.9.3 compiled on December 23 2013" />
    <property name="java.vm.specification.name" value="Java Virtual Machine Specification" />
    <property name="ant.file.type" value="file" />
    <property name="java.vm.specification.version" value="1.7" />
    <property name="sun.cpu.endian" value="little" />
    <property name="sun.os.patch.level" value="Service Pack 1" />
    <property name="debuglevel" value="source,lines,vars" />
    <property name="java.io.tmpdir" value="C:\Users\hychauaa.CSD\AppData\Local\Temp\" />
    <property name="java.vendor.url.bug" value="http://bugreport.sun.com/bugreport/" />
    <property name="os.arch" value="amd64" />
    <property name="java.awt.graphicsenv" value="sun.awt.Win32GraphicsEnvironment" />
    <property name="java.ext.dirs" value="C:\Program Files\Java\jdk1.7.0_25\jre\lib\ext;C:\Windows\Sun\Java\lib\ext" />
    <property name="user.dir" value="C:\Users\hychauaa.CSD\Desktop\3111_classTest" />
    <property name="emma.coverage.out.merge" value="true" />
    <property name="line.separator" value="&#xd;&#xa;" />
    <property name="java.vm.name" value="Java HotSpot(TM) 64-Bit Server VM" />
    <property name="basedir" value="C:\Users\hychauaa.CSD\Desktop\3111_classTest" />
    <property name="ant.java.version" value="1.7" />
    <property name="ant.core.lib" value="C:\Users\hychauaa.CSD\Desktop\apache-ant-1.9.3\lib\ant.jar" />
    <property name="source" value="1.6" />
    <property name="file.encoding" value="Cp1252" />
    <property name="emma.instr.dir" value="coverage/instrumentation" />
    <property name="java.specification.version" value="1.7" />
    <property name="ant.project.invoked-targets" value="all" />
  </properties>
  <testcase classname="com.comp3111.test.PedometerTest" name="testStopSensor" time="0.003" />
  <testcase classname="com.comp3111.test.PedometerTest" name="testRun" time="0.0" />
  <testcase classname="com.comp3111.test.PedometerTest" name="testOnSensorChangedCallback" time="0.0" />
  <testcase classname="com.comp3111.test.PedometerTest" name="testGetDefaultAverageStepDuration" time="0.0" />
  <testcase classname="com.comp3111.test.PedometerTest" name="testResetAverageStepDuration" time="0.0" />
  <testcase classname="com.comp3111.test.PedometerTest" name="testGetAverageStepDuration" time="0.0" />
  <testcase classname="com.comp3111.test.PedometerTest" name="testPedoThreadCallback" time="0.0" />
  <testcase classname="com.comp3111.test.PedometerTest" name="testOnSensorChanged" time="0.0" />
  <testcase classname="com.comp3111.test.PedometerTest" name="testStartSensor" time="0.001" />
  <testcase classname="com.comp3111.test.PedometerTest" name="testPedometer" time="0.0" />
  <testcase classname="com.comp3111.test.StatisticsInfoTest" name="testAddTime" time="0.002" />
  <testcase classname="com.comp3111.test.StatisticsInfoTest" name="testGetStepsize" time="0.0" />
  <testcase classname="com.comp3111.test.StatisticsInfoTest" name="testGetCaloriesBurn" time="0.001" />
  <testcase classname="com.comp3111.test.StatisticsInfoTest" name="testGetDistanceTravelled" time="0.001" />
  <testcase classname="com.comp3111.test.StatisticsInfoTest" name="testSetStepSize00" time="0.0" />
  <testcase classname="com.comp3111.test.StatisticsInfoTest" name="testSetStepSize01" time="0.0" />
  <testcase classname="com.comp3111.test.StatisticsInfoTest" name="testSetStepSize02" time="0.0" />
  <testcase classname="com.comp3111.test.StatisticsInfoTest" name="testGetTotalSteps" time="0.0" />
  <testcase classname="com.comp3111.test.StatisticsInfoTest" name="testSetWeight" time="0.001" />
  <testcase classname="com.comp3111.test.StatisticsInfoTest" name="testGetWeight" time="0.0" />
  <testcase classname="com.comp3111.test.StatisticsInfoTest" name="testSetTotalSteps" time="0.0" />
  <system-out><![CDATA[EMMA: collecting runtime coverage data ...
]]></system-out>
  <system-err><![CDATA[]]></system-err>
</testsuite>
